<?xml version="1.0" encoding="UTF-8"?>
<!-- Generated by org.testng.reporters.JUnitReportReporter -->
<testsuite skipped="0" hostname="Dell" name="gmailPack.gmailLoginTestTest" tests="3" failures="0" timestamp="14 Sep 2018 17:09:17 GMT" time="42.657" errors="0">
  <testcase name="gmaillLgin" time="17.624" classname="gmailPack.gmailLoginTestTest"/>
  <testcase name="gmaillLgin" time="15.933" classname="gmailPack.gmailLoginTestTest"/>
  <testcase name="googleLogin" time="9.100" classname="gmailPack.gmailLoginTestTest"/>
</testsuite> <!-- gmailPack.gmailLoginTestTest -->
